<?xml version="1.0" encoding="UTF-8"?>
<!-- Generated by org.testng.reporters.JUnitReportReporter -->
<testsuite hostname="PUN-PREMG" name="com.dummyproject1.FindBrokenImages" tests="1" failures="0" timestamp="8 Sep 2016 11:10:58 GMT" time="403.164" errors="0">
  <testcase name="validateInvalidImages" time="403.164" classname="com.dummyproject1.FindBrokenImages"/>
</testsuite> <!-- com.dummyproject1.FindBrokenImages -->
